<?xml version="1.0" encoding="UTF-8"?>
<!-- Generated by org.testng.reporters.JUnitXMLReporter -->
<testsuite ignored="0" hostname="DESKTOP-GRKK7EO" failures="0" tests="6" name="TestRunner-Firefox" time="4.117" errors="0" timestamp="2024-05-20T14:16:41 BST">
  <testcase classname="practice.testNG.basics.BaseClassForCreateContactBSBCBTBMTAMATACASTest2" name="@BeforeClass configBC" time="3.768">
    <failure type="java.lang.IllegalStateException" message="The path to the driver executable Unable to locate the chromedriver executable; for more information on how to install drivers, see https://www.selenium.dev/documentation/webdriver/getting_started/install_drivers/">
      <![CDATA[java.lang.IllegalStateException: The path to the driver executable Unable to locate the chromedriver executable; for more information on how to install drivers, see https://www.selenium.dev/documentation/webdriver/getting_started/install_drivers/
at org.openqa.selenium.internal.Require$StateChecker.nonNull(Require.java:314)
at org.openqa.selenium.remote.service.DriverFinder.getPath(DriverFinder.java:33)
at org.openqa.selenium.chrome.ChromeDriver.generateExecutor(ChromeDriver.java:98)
at org.openqa.selenium.chrome.ChromeDriver.<init>(ChromeDriver.java:88)
at org.openqa.selenium.chrome.ChromeDriver.<init>(ChromeDriver.java:84)
at org.openqa.selenium.chrome.ChromeDriver.<init>(ChromeDriver.java:52)
at practice.testNG.basics.BaseClassForCreateContactBSBCBTBMTAMATACASTest2.configBC(BaseClassForCreateContactBSBCBTBMTAMATACASTest2.java:35)
at java.base/java.util.ArrayList.forEach(ArrayList.java:1597)
at java.base/java.util.concurrent.FutureTask.run(FutureTask.java:317)
at java.base/java.util.concurrent.ThreadPoolExecutor.runWorker(ThreadPoolExecutor.java:1144)
at java.base/java.util.concurrent.ThreadPoolExecutor$Worker.run(ThreadPoolExecutor.java:642)
at java.base/java.lang.Thread.run(Thread.java:1570)
... Removed 13 stack frames]]>
    </failure>
  </testcase> <!-- @BeforeClass configBC -->
  <testcase classname="practice.testNG.basics.BaseClassForCreateContactBSBCBTBMTAMATACASTest2" name="@BeforeMethod beforeMethod" time="0.0">
    <skipped/>
  </testcase> <!-- @BeforeMethod beforeMethod -->
  <testcase classname="practice.testNG.basics.BaseClassForCreateContactBSBCBTBMTAMATACASTest2" name="@AfterMethod afterMethod" time="0.0">
    <skipped/>
  </testcase> <!-- @AfterMethod afterMethod -->
  <testcase classname="practice.testNG.basics.BaseClassForCreateContactBSBCBTBMTAMATACASTest2" name="@BeforeMethod beforeMethod" time="0.0">
    <skipped/>
  </testcase> <!-- @BeforeMethod beforeMethod -->
  <testcase classname="practice.testNG.basics.BaseClassForCreateContactBSBCBTBMTAMATACASTest2" name="@AfterMethod afterMethod" time="0.0">
    <skipped/>
  </testcase> <!-- @AfterMethod afterMethod -->
  <testcase classname="practice.testNG.basics.BaseClassForCreateContactBSBCBTBMTAMATACASTest2" name="@BeforeMethod beforeMethod" time="0.0">
    <skipped/>
  </testcase> <!-- @BeforeMethod beforeMethod -->
  <testcase classname="practice.testNG.basics.BaseClassForCreateContactBSBCBTBMTAMATACASTest2" name="@AfterMethod afterMethod" time="0.0">
    <skipped/>
  </testcase> <!-- @AfterMethod afterMethod -->
  <testcase classname="practice.testNG.basics.BaseClassForCreateContactBSBCBTBMTAMATACASTest2" name="@AfterClass afterClass" time="0.0">
    <skipped/>
  </testcase> <!-- @AfterClass afterClass -->
  <testcase classname="practice.testNG.basics.BaseClassForCreateContactBSBCBTBMTAMATACASTest2" name="@BeforeClass configBC" time="4.03">
    <failure type="java.lang.IllegalStateException" message="The path to the driver executable Unable to locate the chromedriver executable; for more information on how to install drivers, see https://www.selenium.dev/documentation/webdriver/getting_started/install_drivers/">
      <![CDATA[java.lang.IllegalStateException: The path to the driver executable Unable to locate the chromedriver executable; for more information on how to install drivers, see https://www.selenium.dev/documentation/webdriver/getting_started/install_drivers/
at org.openqa.selenium.internal.Require$StateChecker.nonNull(Require.java:314)
at org.openqa.selenium.remote.service.DriverFinder.getPath(DriverFinder.java:33)
at org.openqa.selenium.chrome.ChromeDriver.generateExecutor(ChromeDriver.java:98)
at org.openqa.selenium.chrome.ChromeDriver.<init>(ChromeDriver.java:88)
at org.openqa.selenium.chrome.ChromeDriver.<init>(ChromeDriver.java:84)
at org.openqa.selenium.chrome.ChromeDriver.<init>(ChromeDriver.java:52)
at practice.testNG.basics.BaseClassForCreateContactBSBCBTBMTAMATACASTest2.configBC(BaseClassForCreateContactBSBCBTBMTAMATACASTest2.java:35)
at java.base/java.util.ArrayList.forEach(ArrayList.java:1597)
at java.base/java.util.concurrent.FutureTask.run(FutureTask.java:317)
at java.base/java.util.concurrent.ThreadPoolExecutor.runWorker(ThreadPoolExecutor.java:1144)
at java.base/java.util.concurrent.ThreadPoolExecutor$Worker.run(ThreadPoolExecutor.java:642)
at java.base/java.lang.Thread.run(Thread.java:1570)
... Removed 13 stack frames]]>
    </failure>
  </testcase> <!-- @BeforeClass configBC -->
  <testcase classname="practice.testNG.basics.BaseClassForCreateContactBSBCBTBMTAMATACASTest2" name="@BeforeMethod beforeMethod" time="0.0">
    <skipped/>
  </testcase> <!-- @BeforeMethod beforeMethod -->
  <testcase classname="practice.testNG.basics.BaseClassForCreateContactBSBCBTBMTAMATACASTest2" name="@AfterMethod afterMethod" time="0.0">
    <skipped/>
  </testcase> <!-- @AfterMethod afterMethod -->
  <testcase classname="practice.testNG.basics.BaseClassForCreateContactBSBCBTBMTAMATACASTest2" name="@BeforeMethod beforeMethod" time="0.0">
    <skipped/>
  </testcase> <!-- @BeforeMethod beforeMethod -->
  <testcase classname="practice.testNG.basics.BaseClassForCreateContactBSBCBTBMTAMATACASTest2" name="@AfterMethod afterMethod" time="0.0">
    <skipped/>
  </testcase> <!-- @AfterMethod afterMethod -->
  <testcase classname="practice.testNG.basics.BaseClassForCreateContactBSBCBTBMTAMATACASTest2" name="@BeforeMethod beforeMethod" time="0.0">
    <skipped/>
  </testcase> <!-- @BeforeMethod beforeMethod -->
  <testcase classname="practice.testNG.basics.BaseClassForCreateContactBSBCBTBMTAMATACASTest2" name="@AfterMethod afterMethod" time="0.0">
    <skipped/>
  </testcase> <!-- @AfterMethod afterMethod -->
  <testcase classname="practice.testNG.basics.BaseClassForCreateContactBSBCBTBMTAMATACASTest2" name="@AfterClass afterClass" time="0.0">
    <skipped/>
  </testcase> <!-- @AfterClass afterClass -->
  <testcase classname="practice.testNG.basics.CreateContactBSBCBTBMTAMATACASTest" name="CreateContact" time="0.0">
    <skipped/>
  </testcase> <!-- CreateContact -->
  <testcase classname="practice.testNG.basics.CreateContactBSBCBTBMTAMATACASTest" name="CreateOrg" time="0.0">
    <skipped/>
  </testcase> <!-- CreateOrg -->
  <testcase classname="practice.testNG.basics.CreateContactBSBCBTBMTAMATACASTest" name="CreateOrgwithIndustry" time="0.0">
    <skipped/>
  </testcase> <!-- CreateOrgwithIndustry -->
  <testcase classname="practice.pom.repository.CreateContactDataProviderTest" name="createContactTest" time="0.002"/>
  <testcase classname="practice.pom.repository.CreateContactDataProviderTest" name="createContactTest" time="0.002"/>
  <testcase classname="practice.pom.repository.CreateContactDataProviderTest" name="createContactTest" time="0.002"/>
</testsuite> <!-- TestRunner-Firefox -->
